This file contains any messages produced by compilers while
running configure, to aid debugging if configure makes a mistake.

It was created by gumbo configure 1.0, which was
generated by GNU Autoconf 2.69.  Invocation command line was

  $ ./configure 

## --------- ##
## Platform. ##
## --------- ##

hostname = dyngar
uname -m = x86_64
uname -r = 3.16.0-4-amd64
uname -s = Linux
uname -v = #1 SMP Debian 3.16.7-ckt7-1 (2015-03-01)

/usr/bin/uname -p = unknown
/bin/uname -X     = unknown

/bin/arch              = unknown
/usr/bin/arch -k       = unknown
/usr/convex/getsysinfo = unknown
/usr/bin/hostinfo      = unknown
/bin/machine           = unknown
/usr/bin/oslevel       = unknown
/bin/universe          = unknown

PATH: /usr/arm-linux-androideabi/bin
PATH: /home/dyngar-m/.bin/android-ndk-r10d
PATH: /home/dyngar-m/.bin/android-sdk/tools
PATH: /home/dyngar-m/.bin
PATH: /usr/local/bin
PATH: /usr/bin
PATH: /bin
PATH: /usr/local/games
PATH: /usr/games


## ----------- ##
## Core tests. ##
## ----------- ##

configure:2461: checking for g++
configure:2477: found /usr/bin/g++
configure:2488: result: g++
configure:2515: checking for C++ compiler version
configure:2524: g++ --version >&5
g++ (Debian 4.9.2-10) 4.9.2
Copyright (C) 2014 Free Software Foundation, Inc.
This is free software; see the source for copying conditions.  There is NO
warranty; not even for MERCHANTABILITY or FITNESS FOR A PARTICULAR PURPOSE.

configure:2535: $? = 0
configure:2524: g++ -v >&5
Using built-in specs.
COLLECT_GCC=g++
COLLECT_LTO_WRAPPER=/usr/lib/gcc/x86_64-linux-gnu/4.9/lto-wrapper
Target: x86_64-linux-gnu
Configured with: ../src/configure -v --with-pkgversion='Debian 4.9.2-10' --with-bugurl=file:///usr/share/doc/gcc-4.9/README.Bugs --enable-languages=c,c++,java,go,d,fortran,objc,obj-c++ --prefix=/usr --program-suffix=-4.9 --enable-shared --enable-linker-build-id --libexecdir=/usr/lib --without-included-gettext --enable-threads=posix --with-gxx-include-dir=/usr/include/c++/4.9 --libdir=/usr/lib --enable-nls --with-sysroot=/ --enable-clocale=gnu --enable-libstdcxx-debug --enable-libstdcxx-time=yes --enable-gnu-unique-object --disable-vtable-verify --enable-plugin --with-system-zlib --disable-browser-plugin --enable-java-awt=gtk --enable-gtk-cairo --with-java-home=/usr/lib/jvm/java-1.5.0-gcj-4.9-amd64/jre --enable-java-home --with-jvm-root-dir=/usr/lib/jvm/java-1.5.0-gcj-4.9-amd64 --with-jvm-jar-dir=/usr/lib/jvm-exports/java-1.5.0-gcj-4.9-amd64 --with-arch-directory=amd64 --with-ecj-jar=/usr/share/java/eclipse-ecj.jar --enable-objc-gc --enable-multiarch --with-arch-32=i586 --with-abi=m64 --with-multilib-list=m32,m64,mx32 --enable-multilib --with-tune=generic --enable-checking=release --build=x86_64-linux-gnu --host=x86_64-linux-gnu --target=x86_64-linux-gnu
Thread model: posix
gcc version 4.9.2 (Debian 4.9.2-10) 
configure:2535: $? = 0
configure:2524: g++ -V >&5
g++: error: unrecognized command line option '-V'
g++: fatal error: no input files
compilation terminated.
configure:2535: $? = 4
configure:2524: g++ -qversion >&5
g++: error: unrecognized command line option '-qversion'
g++: fatal error: no input files
compilation terminated.
configure:2535: $? = 4
configure:2555: checking whether the C++ compiler works
configure:2577: g++    conftest.cpp  >&5
configure:2581: $? = 0
configure:2629: result: yes
configure:2632: checking for C++ compiler default output file name
configure:2634: result: a.out
configure:2640: checking for suffix of executables
configure:2647: g++ -o conftest    conftest.cpp  >&5
configure:2651: $? = 0
configure:2673: result: 
configure:2695: checking whether we are cross compiling
configure:2703: g++ -o conftest    conftest.cpp  >&5
configure:2707: $? = 0
configure:2714: ./conftest
configure:2718: $? = 0
configure:2733: result: no
configure:2738: checking for suffix of object files
configure:2760: g++ -c   conftest.cpp >&5
configure:2764: $? = 0
configure:2785: result: o
configure:2789: checking whether we are using the GNU C++ compiler
configure:2808: g++ -c   conftest.cpp >&5
configure:2808: $? = 0
configure:2817: result: yes
configure:2826: checking whether g++ accepts -g
configure:2846: g++ -c -g  conftest.cpp >&5
configure:2846: $? = 0
configure:2887: result: yes
configure:2990: checking for gcc
configure:3006: found /usr/bin/gcc
configure:3017: result: gcc
configure:3246: checking for C compiler version
configure:3255: gcc --version >&5
gcc (Debian 4.9.2-10) 4.9.2
Copyright (C) 2014 Free Software Foundation, Inc.
This is free software; see the source for copying conditions.  There is NO
warranty; not even for MERCHANTABILITY or FITNESS FOR A PARTICULAR PURPOSE.

configure:3266: $? = 0
configure:3255: gcc -v >&5
Using built-in specs.
COLLECT_GCC=gcc
COLLECT_LTO_WRAPPER=/usr/lib/gcc/x86_64-linux-gnu/4.9/lto-wrapper
Target: x86_64-linux-gnu
Configured with: ../src/configure -v --with-pkgversion='Debian 4.9.2-10' --with-bugurl=file:///usr/share/doc/gcc-4.9/README.Bugs --enable-languages=c,c++,java,go,d,fortran,objc,obj-c++ --prefix=/usr --program-suffix=-4.9 --enable-shared --enable-linker-build-id --libexecdir=/usr/lib --without-included-gettext --enable-threads=posix --with-gxx-include-dir=/usr/include/c++/4.9 --libdir=/usr/lib --enable-nls --with-sysroot=/ --enable-clocale=gnu --enable-libstdcxx-debug --enable-libstdcxx-time=yes --enable-gnu-unique-object --disable-vtable-verify --enable-plugin --with-system-zlib --disable-browser-plugin --enable-java-awt=gtk --enable-gtk-cairo --with-java-home=/usr/lib/jvm/java-1.5.0-gcj-4.9-amd64/jre --enable-java-home --with-jvm-root-dir=/usr/lib/jvm/java-1.5.0-gcj-4.9-amd64 --with-jvm-jar-dir=/usr/lib/jvm-exports/java-1.5.0-gcj-4.9-amd64 --with-arch-directory=amd64 --with-ecj-jar=/usr/share/java/eclipse-ecj.jar --enable-objc-gc --enable-multiarch --with-arch-32=i586 --with-abi=m64 --with-multilib-list=m32,m64,mx32 --enable-multilib --with-tune=generic --enable-checking=release --build=x86_64-linux-gnu --host=x86_64-linux-gnu --target=x86_64-linux-gnu
Thread model: posix
gcc version 4.9.2 (Debian 4.9.2-10) 
configure:3266: $? = 0
configure:3255: gcc -V >&5
gcc: error: unrecognized command line option '-V'
gcc: fatal error: no input files
compilation terminated.
configure:3266: $? = 4
configure:3255: gcc -qversion >&5
gcc: error: unrecognized command line option '-qversion'
gcc: fatal error: no input files
compilation terminated.
configure:3266: $? = 4
configure:3270: checking whether we are using the GNU C compiler
configure:3289: gcc -c   conftest.c >&5
configure:3289: $? = 0
configure:3298: result: yes
configure:3307: checking whether gcc accepts -g
configure:3327: gcc -c -g  conftest.c >&5
configure:3327: $? = 0
configure:3368: result: yes
configure:3385: checking for gcc option to accept ISO C89
configure:3448: gcc  -c -g -O2  conftest.c >&5
configure:3448: $? = 0
configure:3461: result: none needed
configure:3486: checking whether gcc understands -c and -o together
configure:3508: gcc -c conftest.c -o conftest2.o
configure:3511: $? = 0
configure:3508: gcc -c conftest.c -o conftest2.o
configure:3511: $? = 0
configure:3523: result: yes
configure:3540: checking for gcc option to accept ISO C99
configure:3689: gcc  -c -g -O2  conftest.c >&5
conftest.c:59:29: error: expected ';', ',' or ')' before 'text'
 test_restrict (ccp restrict text)
                             ^
conftest.c: In function 'main':
conftest.c:113:18: error: expected '=', ',', ';', 'asm' or '__attribute__' before 'newvar'
   char *restrict newvar = "Another string";
                  ^
conftest.c:113:18: error: 'newvar' undeclared (first use in this function)
conftest.c:113:18: note: each undeclared identifier is reported only once for each function it appears in
conftest.c:123:3: error: 'for' loop initial declarations are only allowed in C99 or C11 mode
   for (int i = 0; i < ia->datasize; ++i)
   ^
conftest.c:123:3: note: use option -std=c99, -std=gnu99, -std=c11 or -std=gnu11 to compile your code
configure:3689: $? = 1
configure: failed program was:
| /* confdefs.h */
| #define PACKAGE_NAME "gumbo"
| #define PACKAGE_TARNAME "gumbo"
| #define PACKAGE_VERSION "1.0"
| #define PACKAGE_STRING "gumbo 1.0"
| #define PACKAGE_BUGREPORT "jdtang@google.com"
| #define PACKAGE_URL ""
| /* end confdefs.h.  */
| #include <stdarg.h>
| #include <stdbool.h>
| #include <stdlib.h>
| #include <wchar.h>
| #include <stdio.h>
| 
| // Check varargs macros.  These examples are taken from C99 6.10.3.5.
| #define debug(...) fprintf (stderr, __VA_ARGS__)
| #define showlist(...) puts (#__VA_ARGS__)
| #define report(test,...) ((test) ? puts (#test) : printf (__VA_ARGS__))
| static void
| test_varargs_macros (void)
| {
|   int x = 1234;
|   int y = 5678;
|   debug ("Flag");
|   debug ("X = %d\n", x);
|   showlist (The first, second, and third items.);
|   report (x>y, "x is %d but y is %d", x, y);
| }
| 
| // Check long long types.
| #define BIG64 18446744073709551615ull
| #define BIG32 4294967295ul
| #define BIG_OK (BIG64 / BIG32 == 4294967297ull && BIG64 % BIG32 == 0)
| #if !BIG_OK
|   your preprocessor is broken;
| #endif
| #if BIG_OK
| #else
|   your preprocessor is broken;
| #endif
| static long long int bignum = -9223372036854775807LL;
| static unsigned long long int ubignum = BIG64;
| 
| struct incomplete_array
| {
|   int datasize;
|   double data[];
| };
| 
| struct named_init {
|   int number;
|   const wchar_t *name;
|   double average;
| };
| 
| typedef const char *ccp;
| 
| static inline int
| test_restrict (ccp restrict text)
| {
|   // See if C++-style comments work.
|   // Iterate through items via the restricted pointer.
|   // Also check for declarations in for loops.
|   for (unsigned int i = 0; *(text+i) != '\0'; ++i)
|     continue;
|   return 0;
| }
| 
| // Check varargs and va_copy.
| static void
| test_varargs (const char *format, ...)
| {
|   va_list args;
|   va_start (args, format);
|   va_list args_copy;
|   va_copy (args_copy, args);
| 
|   const char *str;
|   int number;
|   float fnumber;
| 
|   while (*format)
|     {
|       switch (*format++)
| 	{
| 	case 's': // string
| 	  str = va_arg (args_copy, const char *);
| 	  break;
| 	case 'd': // int
| 	  number = va_arg (args_copy, int);
| 	  break;
| 	case 'f': // float
| 	  fnumber = va_arg (args_copy, double);
| 	  break;
| 	default:
| 	  break;
| 	}
|     }
|   va_end (args_copy);
|   va_end (args);
| }
| 
| int
| main ()
| {
| 
|   // Check bool.
|   _Bool success = false;
| 
|   // Check restrict.
|   if (test_restrict ("String literal") == 0)
|     success = true;
|   char *restrict newvar = "Another string";
| 
|   // Check varargs.
|   test_varargs ("s, d' f .", "string", 65, 34.234);
|   test_varargs_macros ();
| 
|   // Check flexible array members.
|   struct incomplete_array *ia =
|     malloc (sizeof (struct incomplete_array) + (sizeof (double) * 10));
|   ia->datasize = 10;
|   for (int i = 0; i < ia->datasize; ++i)
|     ia->data[i] = i * 1.234;
| 
|   // Check named initializers.
|   struct named_init ni = {
|     .number = 34,
|     .name = L"Test wide string",
|     .average = 543.34343,
|   };
| 
|   ni.number = 58;
| 
|   int dynamic_array[ni.number];
|   dynamic_array[ni.number - 1] = 543;
| 
|   // work around unused variable warnings
|   return (!success || bignum == 0LL || ubignum == 0uLL || newvar[0] == 'x'
| 	  || dynamic_array[ni.number - 1] != 543);
| 
|   ;
|   return 0;
| }
configure:3689: gcc -std=gnu99 -c -g -O2  conftest.c >&5
configure:3689: $? = 0
configure:3709: result: -std=gnu99
configure:3727: checking how to run the C preprocessor
configure:3758: gcc -std=gnu99 -E  conftest.c
configure:3758: $? = 0
configure:3772: gcc -std=gnu99 -E  conftest.c
conftest.c:9:28: fatal error: ac_nonexistent.h: No such file or directory
 #include <ac_nonexistent.h>
                            ^
compilation terminated.
configure:3772: $? = 1
configure: failed program was:
| /* confdefs.h */
| #define PACKAGE_NAME "gumbo"
| #define PACKAGE_TARNAME "gumbo"
| #define PACKAGE_VERSION "1.0"
| #define PACKAGE_STRING "gumbo 1.0"
| #define PACKAGE_BUGREPORT "jdtang@google.com"
| #define PACKAGE_URL ""
| /* end confdefs.h.  */
| #include <ac_nonexistent.h>
configure:3797: result: gcc -std=gnu99 -E
configure:3817: gcc -std=gnu99 -E  conftest.c
configure:3817: $? = 0
configure:3831: gcc -std=gnu99 -E  conftest.c
conftest.c:9:28: fatal error: ac_nonexistent.h: No such file or directory
 #include <ac_nonexistent.h>
                            ^
compilation terminated.
configure:3831: $? = 1
configure: failed program was:
| /* confdefs.h */
| #define PACKAGE_NAME "gumbo"
| #define PACKAGE_TARNAME "gumbo"
| #define PACKAGE_VERSION "1.0"
| #define PACKAGE_STRING "gumbo 1.0"
| #define PACKAGE_BUGREPORT "jdtang@google.com"
| #define PACKAGE_URL ""
| /* end confdefs.h.  */
| #include <ac_nonexistent.h>
configure:3860: checking for grep that handles long lines and -e
configure:3918: result: /bin/grep
configure:3923: checking for egrep
configure:3985: result: /bin/grep -E
configure:3990: checking for ANSI C header files
configure:4010: gcc -std=gnu99 -c -g -O2  conftest.c >&5
configure:4010: $? = 0
configure:4083: gcc -std=gnu99 -o conftest -g -O2   conftest.c  >&5
configure:4083: $? = 0
configure:4083: ./conftest
configure:4083: $? = 0
configure:4094: result: yes
configure:4107: checking for sys/types.h
configure:4107: gcc -std=gnu99 -c -g -O2  conftest.c >&5
configure:4107: $? = 0
configure:4107: result: yes
configure:4107: checking for sys/stat.h
configure:4107: gcc -std=gnu99 -c -g -O2  conftest.c >&5
configure:4107: $? = 0
configure:4107: result: yes
configure:4107: checking for stdlib.h
configure:4107: gcc -std=gnu99 -c -g -O2  conftest.c >&5
configure:4107: $? = 0
configure:4107: result: yes
configure:4107: checking for string.h
configure:4107: gcc -std=gnu99 -c -g -O2  conftest.c >&5
configure:4107: $? = 0
configure:4107: result: yes
configure:4107: checking for memory.h
configure:4107: gcc -std=gnu99 -c -g -O2  conftest.c >&5
configure:4107: $? = 0
configure:4107: result: yes
configure:4107: checking for strings.h
configure:4107: gcc -std=gnu99 -c -g -O2  conftest.c >&5
configure:4107: $? = 0
configure:4107: result: yes
configure:4107: checking for inttypes.h
configure:4107: gcc -std=gnu99 -c -g -O2  conftest.c >&5
configure:4107: $? = 0
configure:4107: result: yes
configure:4107: checking for stdint.h
configure:4107: gcc -std=gnu99 -c -g -O2  conftest.c >&5
configure:4107: $? = 0
configure:4107: result: yes
configure:4107: checking for unistd.h
configure:4107: gcc -std=gnu99 -c -g -O2  conftest.c >&5
configure:4107: $? = 0
configure:4107: result: yes
configure:4122: checking stddef.h usability
configure:4122: gcc -std=gnu99 -c -g -O2  conftest.c >&5
configure:4122: $? = 0
configure:4122: result: yes
configure:4122: checking stddef.h presence
configure:4122: gcc -std=gnu99 -E  conftest.c
configure:4122: $? = 0
configure:4122: result: yes
configure:4122: checking for stddef.h
configure:4122: result: yes
configure:4122: checking for stdlib.h
configure:4122: result: yes
configure:4122: checking for string.h
configure:4122: result: yes
configure:4122: checking for strings.h
configure:4122: result: yes
configure:4134: checking for inline
configure:4150: gcc -std=gnu99 -c -g -O2  conftest.c >&5
configure:4150: $? = 0
configure:4158: result: inline
configure:4176: checking for size_t
configure:4176: gcc -std=gnu99 -c -g -O2  conftest.c >&5
configure:4176: $? = 0
configure:4176: gcc -std=gnu99 -c -g -O2  conftest.c >&5
conftest.c: In function 'main':
conftest.c:59:21: error: expected expression before ')' token
 if (sizeof ((size_t)))
                     ^
configure:4176: $? = 1
configure: failed program was:
| /* confdefs.h */
| #define PACKAGE_NAME "gumbo"
| #define PACKAGE_TARNAME "gumbo"
| #define PACKAGE_VERSION "1.0"
| #define PACKAGE_STRING "gumbo 1.0"
| #define PACKAGE_BUGREPORT "jdtang@google.com"
| #define PACKAGE_URL ""
| #define STDC_HEADERS 1
| #define HAVE_SYS_TYPES_H 1
| #define HAVE_SYS_STAT_H 1
| #define HAVE_STDLIB_H 1
| #define HAVE_STRING_H 1
| #define HAVE_MEMORY_H 1
| #define HAVE_STRINGS_H 1
| #define HAVE_INTTYPES_H 1
| #define HAVE_STDINT_H 1
| #define HAVE_UNISTD_H 1
| #define HAVE_STDDEF_H 1
| #define HAVE_STDLIB_H 1
| #define HAVE_STRING_H 1
| #define HAVE_STRINGS_H 1
| /* end confdefs.h.  */
| #include <stdio.h>
| #ifdef HAVE_SYS_TYPES_H
| # include <sys/types.h>
| #endif
| #ifdef HAVE_SYS_STAT_H
| # include <sys/stat.h>
| #endif
| #ifdef STDC_HEADERS
| # include <stdlib.h>
| # include <stddef.h>
| #else
| # ifdef HAVE_STDLIB_H
| #  include <stdlib.h>
| # endif
| #endif
| #ifdef HAVE_STRING_H
| # if !defined STDC_HEADERS && defined HAVE_MEMORY_H
| #  include <memory.h>
| # endif
| # include <string.h>
| #endif
| #ifdef HAVE_STRINGS_H
| # include <strings.h>
| #endif
| #ifdef HAVE_INTTYPES_H
| # include <inttypes.h>
| #endif
| #ifdef HAVE_STDINT_H
| # include <stdint.h>
| #endif
| #ifdef HAVE_UNISTD_H
| # include <unistd.h>
| #endif
| int
| main ()
| {
| if (sizeof ((size_t)))
| 	    return 0;
|   ;
|   return 0;
| }
configure:4176: result: yes
configure:4189: checking for main in -lgtest_main
configure:4208: gcc -std=gnu99 -o conftest -g -O2   conftest.c -lgtest_main   >&5
/usr/bin/ld: cannot find -lgtest_main
collect2: error: ld returned 1 exit status
configure:4208: $? = 1
configure: failed program was:
| /* confdefs.h */
| #define PACKAGE_NAME "gumbo"
| #define PACKAGE_TARNAME "gumbo"
| #define PACKAGE_VERSION "1.0"
| #define PACKAGE_STRING "gumbo 1.0"
| #define PACKAGE_BUGREPORT "jdtang@google.com"
| #define PACKAGE_URL ""
| #define STDC_HEADERS 1
| #define HAVE_SYS_TYPES_H 1
| #define HAVE_SYS_STAT_H 1
| #define HAVE_STDLIB_H 1
| #define HAVE_STRING_H 1
| #define HAVE_MEMORY_H 1
| #define HAVE_STRINGS_H 1
| #define HAVE_INTTYPES_H 1
| #define HAVE_STDINT_H 1
| #define HAVE_UNISTD_H 1
| #define HAVE_STDDEF_H 1
| #define HAVE_STDLIB_H 1
| #define HAVE_STRING_H 1
| #define HAVE_STRINGS_H 1
| /* end confdefs.h.  */
| 
| 
| int
| main ()
| {
| return main ();
|   ;
|   return 0;
| }
configure:4217: result: no
configure:4257: checking for a BSD-compatible install
configure:4325: result: /usr/bin/install -c
configure:4336: checking whether build environment is sane
configure:4391: result: yes
configure:4539: checking for a thread-safe mkdir -p
configure:4578: result: /bin/mkdir -p
configure:4585: checking for gawk
configure:4601: found /usr/bin/gawk
configure:4612: result: gawk
configure:4623: checking whether make sets $(MAKE)
configure:4645: result: yes
configure:4675: checking for style of include used by make
configure:4703: result: GNU
configure:4737: checking whether make supports nested variables
configure:4754: result: yes
configure:4839: checking dependency style of gcc -std=gnu99
configure:4950: result: gcc3
configure:4967: checking dependency style of g++
configure:5078: result: gcc3
configure:5147: checking whether make supports nested variables
configure:5164: result: yes
configure:5204: checking build system type
configure:5218: result: x86_64-unknown-linux-gnu
configure:5238: checking host system type
configure:5251: result: x86_64-unknown-linux-gnu
configure:5292: checking how to print strings
configure:5319: result: printf
configure:5340: checking for a sed that does not truncate output
configure:5404: result: /bin/sed
configure:5422: checking for fgrep
configure:5484: result: /bin/grep -F
configure:5519: checking for ld used by gcc -std=gnu99
configure:5586: result: /usr/bin/ld
configure:5593: checking if the linker (/usr/bin/ld) is GNU ld
configure:5608: result: yes
configure:5620: checking for BSD- or MS-compatible name lister (nm)
configure:5669: result: /usr/bin/nm -B
configure:5799: checking the name lister (/usr/bin/nm -B) interface
configure:5806: gcc -std=gnu99 -c -g -O2  conftest.c >&5
configure:5809: /usr/bin/nm -B "conftest.o"
configure:5812: output
0000000000000000 B some_variable
configure:5819: result: BSD nm
configure:5822: checking whether ln -s works
configure:5826: result: yes
configure:5834: checking the maximum length of command line arguments
configure:5965: result: 1572864
configure:5982: checking whether the shell understands some XSI constructs
configure:5992: result: yes
configure:5996: checking whether the shell understands "+="
configure:6002: result: yes
configure:6037: checking how to convert x86_64-unknown-linux-gnu file names to x86_64-unknown-linux-gnu format
configure:6077: result: func_convert_file_noop
configure:6084: checking how to convert x86_64-unknown-linux-gnu file names to toolchain format
configure:6104: result: func_convert_file_noop
configure:6111: checking for /usr/bin/ld option to reload object files
configure:6118: result: -r
configure:6192: checking for objdump
configure:6208: found /usr/bin/objdump
configure:6219: result: objdump
configure:6251: checking how to recognize dependent libraries
configure:6449: result: pass_all
configure:6534: checking for dlltool
configure:6564: result: no
configure:6594: checking how to associate runtime and link libraries
configure:6621: result: printf %s\n
configure:6681: checking for ar
configure:6697: found /usr/bin/ar
configure:6708: result: ar
configure:6745: checking for archiver @FILE support
configure:6762: gcc -std=gnu99 -c -g -O2  conftest.c >&5
configure:6762: $? = 0
configure:6765: ar cru libconftest.a @conftest.lst >&5
configure:6768: $? = 0
configure:6773: ar cru libconftest.a @conftest.lst >&5
ar: conftest.o: No such file or directory
configure:6776: $? = 1
configure:6788: result: @
configure:6846: checking for strip
configure:6862: found /usr/bin/strip
configure:6873: result: strip
configure:6945: checking for ranlib
configure:6961: found /usr/bin/ranlib
configure:6972: result: ranlib
configure:7074: checking command to parse /usr/bin/nm -B output from gcc -std=gnu99 object
configure:7194: gcc -std=gnu99 -c -g -O2  conftest.c >&5
configure:7197: $? = 0
configure:7201: /usr/bin/nm -B conftest.o \| sed -n -e 's/^.*[ ]\([ABCDGIRSTW][ABCDGIRSTW]*\)[ ][ ]*\([_A-Za-z][_A-Za-z0-9]*\)$/\1 \2 \2/p' | sed '/ __gnu_lto/d' \> conftest.nm
configure:7204: $? = 0
configure:7270: gcc -std=gnu99 -o conftest -g -O2   conftest.c conftstm.o >&5
configure:7273: $? = 0
configure:7311: result: ok
configure:7348: checking for sysroot
configure:7378: result: no
configure:7455: gcc -std=gnu99 -c -g -O2  conftest.c >&5
configure:7458: $? = 0
configure:7647: checking for mt
configure:7663: found /bin/mt
configure:7674: result: mt
configure:7697: checking if mt is a manifest tool
configure:7703: mt '-?'
configure:7711: result: no
configure:8350: checking for dlfcn.h
configure:8350: gcc -std=gnu99 -c -g -O2  conftest.c >&5
configure:8350: $? = 0
configure:8350: result: yes
configure:8567: checking for objdir
configure:8582: result: .libs
configure:8853: checking if gcc -std=gnu99 supports -fno-rtti -fno-exceptions
configure:8871: gcc -std=gnu99 -c -g -O2  -fno-rtti -fno-exceptions conftest.c >&5
cc1: warning: command line option '-fno-rtti' is valid for C++/ObjC++ but not for C
configure:8875: $? = 0
configure:8888: result: no
configure:9215: checking for gcc -std=gnu99 option to produce PIC
configure:9222: result: -fPIC -DPIC
configure:9230: checking if gcc -std=gnu99 PIC flag -fPIC -DPIC works
configure:9248: gcc -std=gnu99 -c -g -O2  -fPIC -DPIC -DPIC conftest.c >&5
configure:9252: $? = 0
configure:9265: result: yes
configure:9294: checking if gcc -std=gnu99 static flag -static works
configure:9322: result: yes
configure:9337: checking if gcc -std=gnu99 supports -c -o file.o
configure:9358: gcc -std=gnu99 -c -g -O2  -o out/conftest2.o conftest.c >&5
configure:9362: $? = 0
configure:9384: result: yes
configure:9392: checking if gcc -std=gnu99 supports -c -o file.o
configure:9439: result: yes
configure:9472: checking whether the gcc -std=gnu99 linker (/usr/bin/ld -m elf_x86_64) supports shared libraries
configure:10629: result: yes
configure:10666: checking whether -lc should be explicitly linked in
configure:10674: gcc -std=gnu99 -c -g -O2  conftest.c >&5
configure:10677: $? = 0
configure:10692: gcc -std=gnu99 -shared  -fPIC -DPIC conftest.o  -v -Wl,-soname -Wl,conftest -o conftest 2\>\&1 \| /bin/grep  -lc  \>/dev/null 2\>\&1
configure:10695: $? = 0
configure:10709: result: no
configure:10869: checking dynamic linker characteristics
configure:11369: gcc -std=gnu99 -o conftest -g -O2   -Wl,-rpath -Wl,/foo conftest.c  >&5
configure:11369: $? = 0
configure:11603: result: GNU/Linux ld.so
configure:11710: checking how to hardcode library paths into programs
configure:11735: result: immediate
configure:12275: checking whether stripping libraries is possible
configure:12280: result: yes
configure:12315: checking if libtool supports shared libraries
configure:12317: result: yes
configure:12320: checking whether to build shared libraries
configure:12341: result: yes
configure:12344: checking whether to build static libraries
configure:12348: result: yes
configure:12371: checking how to run the C++ preprocessor
configure:12398: g++ -E  conftest.cpp
configure:12398: $? = 0
configure:12412: g++ -E  conftest.cpp
conftest.cpp:27:28: fatal error: ac_nonexistent.h: No such file or directory
 #include <ac_nonexistent.h>
                            ^
compilation terminated.
configure:12412: $? = 1
configure: failed program was:
| /* confdefs.h */
| #define PACKAGE_NAME "gumbo"
| #define PACKAGE_TARNAME "gumbo"
| #define PACKAGE_VERSION "1.0"
| #define PACKAGE_STRING "gumbo 1.0"
| #define PACKAGE_BUGREPORT "jdtang@google.com"
| #define PACKAGE_URL ""
| #define STDC_HEADERS 1
| #define HAVE_SYS_TYPES_H 1
| #define HAVE_SYS_STAT_H 1
| #define HAVE_STDLIB_H 1
| #define HAVE_STRING_H 1
| #define HAVE_MEMORY_H 1
| #define HAVE_STRINGS_H 1
| #define HAVE_INTTYPES_H 1
| #define HAVE_STDINT_H 1
| #define HAVE_UNISTD_H 1
| #define HAVE_STDDEF_H 1
| #define HAVE_STDLIB_H 1
| #define HAVE_STRING_H 1
| #define HAVE_STRINGS_H 1
| #define PACKAGE "gumbo"
| #define VERSION "1.0"
| #define HAVE_DLFCN_H 1
| #define LT_OBJDIR ".libs/"
| /* end confdefs.h.  */
| #include <ac_nonexistent.h>
configure:12437: result: g++ -E
configure:12457: g++ -E  conftest.cpp
configure:12457: $? = 0
configure:12471: g++ -E  conftest.cpp
conftest.cpp:27:28: fatal error: ac_nonexistent.h: No such file or directory
 #include <ac_nonexistent.h>
                            ^
compilation terminated.
configure:12471: $? = 1
configure: failed program was:
| /* confdefs.h */
| #define PACKAGE_NAME "gumbo"
| #define PACKAGE_TARNAME "gumbo"
| #define PACKAGE_VERSION "1.0"
| #define PACKAGE_STRING "gumbo 1.0"
| #define PACKAGE_BUGREPORT "jdtang@google.com"
| #define PACKAGE_URL ""
| #define STDC_HEADERS 1
| #define HAVE_SYS_TYPES_H 1
| #define HAVE_SYS_STAT_H 1
| #define HAVE_STDLIB_H 1
| #define HAVE_STRING_H 1
| #define HAVE_MEMORY_H 1
| #define HAVE_STRINGS_H 1
| #define HAVE_INTTYPES_H 1
| #define HAVE_STDINT_H 1
| #define HAVE_UNISTD_H 1
| #define HAVE_STDDEF_H 1
| #define HAVE_STDLIB_H 1
| #define HAVE_STRING_H 1
| #define HAVE_STRINGS_H 1
| #define PACKAGE "gumbo"
| #define VERSION "1.0"
| #define HAVE_DLFCN_H 1
| #define LT_OBJDIR ".libs/"
| /* end confdefs.h.  */
| #include <ac_nonexistent.h>
configure:12640: checking for ld used by g++
configure:12707: result: /usr/bin/ld -m elf_x86_64
configure:12714: checking if the linker (/usr/bin/ld -m elf_x86_64) is GNU ld
configure:12729: result: yes
configure:12784: checking whether the g++ linker (/usr/bin/ld -m elf_x86_64) supports shared libraries
configure:13786: result: yes
configure:13822: g++ -c -g -O2  conftest.cpp >&5
configure:13825: $? = 0
configure:14345: checking for g++ option to produce PIC
configure:14352: result: -fPIC -DPIC
configure:14360: checking if g++ PIC flag -fPIC -DPIC works
configure:14378: g++ -c -g -O2  -fPIC -DPIC -DPIC conftest.cpp >&5
configure:14382: $? = 0
configure:14395: result: yes
configure:14418: checking if g++ static flag -static works
configure:14446: result: yes
configure:14458: checking if g++ supports -c -o file.o
configure:14479: g++ -c -g -O2  -o out/conftest2.o conftest.cpp >&5
configure:14483: $? = 0
configure:14505: result: yes
configure:14510: checking if g++ supports -c -o file.o
configure:14557: result: yes
configure:14587: checking whether the g++ linker (/usr/bin/ld -m elf_x86_64) supports shared libraries
configure:14626: result: yes
configure:14767: checking dynamic linker characteristics
configure:15435: result: GNU/Linux ld.so
configure:15488: checking how to hardcode library paths into programs
configure:15513: result: immediate
configure:15728: checking that generated files are newer than configure
configure:15734: result: done
configure:15761: creating ./config.status

## ---------------------- ##
## Running config.status. ##
## ---------------------- ##

This file was extended by gumbo config.status 1.0, which was
generated by GNU Autoconf 2.69.  Invocation command line was

  CONFIG_FILES    = 
  CONFIG_HEADERS  = 
  CONFIG_LINKS    = 
  CONFIG_COMMANDS = 
  $ ./config.status 

on dyngar

config.status:1069: creating Makefile
config.status:1069: creating gumbo.pc
config.status:1241: executing depfiles commands
config.status:1241: executing libtool commands

## ---------------- ##
## Cache variables. ##
## ---------------- ##

ac_cv_build=x86_64-unknown-linux-gnu
ac_cv_c_compiler_gnu=yes
ac_cv_c_inline=inline
ac_cv_cxx_compiler_gnu=yes
ac_cv_env_CCC_set=
ac_cv_env_CCC_value=
ac_cv_env_CC_set=
ac_cv_env_CC_value=
ac_cv_env_CFLAGS_set=
ac_cv_env_CFLAGS_value=
ac_cv_env_CPPFLAGS_set=
ac_cv_env_CPPFLAGS_value=
ac_cv_env_CPP_set=
ac_cv_env_CPP_value=
ac_cv_env_CXXCPP_set=
ac_cv_env_CXXCPP_value=
ac_cv_env_CXXFLAGS_set=
ac_cv_env_CXXFLAGS_value=
ac_cv_env_CXX_set=
ac_cv_env_CXX_value=
ac_cv_env_LDFLAGS_set=
ac_cv_env_LDFLAGS_value=
ac_cv_env_LIBS_set=
ac_cv_env_LIBS_value=
ac_cv_env_build_alias_set=
ac_cv_env_build_alias_value=
ac_cv_env_host_alias_set=
ac_cv_env_host_alias_value=
ac_cv_env_target_alias_set=
ac_cv_env_target_alias_value=
ac_cv_header_dlfcn_h=yes
ac_cv_header_inttypes_h=yes
ac_cv_header_memory_h=yes
ac_cv_header_stdc=yes
ac_cv_header_stddef_h=yes
ac_cv_header_stdint_h=yes
ac_cv_header_stdlib_h=yes
ac_cv_header_string_h=yes
ac_cv_header_strings_h=yes
ac_cv_header_sys_stat_h=yes
ac_cv_header_sys_types_h=yes
ac_cv_header_unistd_h=yes
ac_cv_host=x86_64-unknown-linux-gnu
ac_cv_lib_gtest_main_main=no
ac_cv_objext=o
ac_cv_path_EGREP='/bin/grep -E'
ac_cv_path_FGREP='/bin/grep -F'
ac_cv_path_GREP=/bin/grep
ac_cv_path_SED=/bin/sed
ac_cv_path_install='/usr/bin/install -c'
ac_cv_path_mkdir=/bin/mkdir
ac_cv_prog_AWK=gawk
ac_cv_prog_CPP='gcc -std=gnu99 -E'
ac_cv_prog_CXXCPP='g++ -E'
ac_cv_prog_ac_ct_AR=ar
ac_cv_prog_ac_ct_CC=gcc
ac_cv_prog_ac_ct_CXX=g++
ac_cv_prog_ac_ct_MANIFEST_TOOL=mt
ac_cv_prog_ac_ct_OBJDUMP=objdump
ac_cv_prog_ac_ct_RANLIB=ranlib
ac_cv_prog_ac_ct_STRIP=strip
ac_cv_prog_cc_c89=
ac_cv_prog_cc_c99=-std=gnu99
ac_cv_prog_cc_g=yes
ac_cv_prog_cxx_g=yes
ac_cv_prog_make_make_set=yes
ac_cv_type_size_t=yes
am_cv_CC_dependencies_compiler_type=gcc3
am_cv_CXX_dependencies_compiler_type=gcc3
am_cv_make_support_nested_variables=yes
am_cv_prog_cc_c_o=yes
lt_cv_ar_at_file=@
lt_cv_archive_cmds_need_lc=no
lt_cv_deplibs_check_method=pass_all
lt_cv_file_magic_cmd='$MAGIC_CMD'
lt_cv_file_magic_test_file=
lt_cv_ld_reload_flag=-r
lt_cv_nm_interface='BSD nm'
lt_cv_objdir=.libs
lt_cv_path_LD=/usr/bin/ld
lt_cv_path_LDCXX='/usr/bin/ld -m elf_x86_64'
lt_cv_path_NM='/usr/bin/nm -B'
lt_cv_path_mainfest_tool=no
lt_cv_prog_compiler_c_o=yes
lt_cv_prog_compiler_c_o_CXX=yes
lt_cv_prog_compiler_pic='-fPIC -DPIC'
lt_cv_prog_compiler_pic_CXX='-fPIC -DPIC'
lt_cv_prog_compiler_pic_works=yes
lt_cv_prog_compiler_pic_works_CXX=yes
lt_cv_prog_compiler_rtti_exceptions=no
lt_cv_prog_compiler_static_works=yes
lt_cv_prog_compiler_static_works_CXX=yes
lt_cv_prog_gnu_ld=yes
lt_cv_prog_gnu_ldcxx=yes
lt_cv_sharedlib_from_linklib_cmd='printf %s\n'
lt_cv_shlibpath_overrides_runpath=no
lt_cv_sys_global_symbol_pipe='sed -n -e '\''s/^.*[	 ]\([ABCDGIRSTW][ABCDGIRSTW]*\)[	 ][	 ]*\([_A-Za-z][_A-Za-z0-9]*\)$/\1 \2 \2/p'\'' | sed '\''/ __gnu_lto/d'\'''
lt_cv_sys_global_symbol_to_c_name_address='sed -n -e '\''s/^: \([^ ]*\)[ ]*$/  {\"\1\", (void *) 0},/p'\'' -e '\''s/^[ABCDGIRSTW]* \([^ ]*\) \([^ ]*\)$/  {"\2", (void *) \&\2},/p'\'''
lt_cv_sys_global_symbol_to_c_name_address_lib_prefix='sed -n -e '\''s/^: \([^ ]*\)[ ]*$/  {\"\1\", (void *) 0},/p'\'' -e '\''s/^[ABCDGIRSTW]* \([^ ]*\) \(lib[^ ]*\)$/  {"\2", (void *) \&\2},/p'\'' -e '\''s/^[ABCDGIRSTW]* \([^ ]*\) \([^ ]*\)$/  {"lib\2", (void *) \&\2},/p'\'''
lt_cv_sys_global_symbol_to_cdecl='sed -n -e '\''s/^T .* \(.*\)$/extern int \1();/p'\'' -e '\''s/^[ABCDGIRSTW]* .* \(.*\)$/extern char \1;/p'\'''
lt_cv_sys_max_cmd_len=1572864
lt_cv_to_host_file_cmd=func_convert_file_noop
lt_cv_to_tool_file_cmd=func_convert_file_noop

## ----------------- ##
## Output variables. ##
## ----------------- ##

ACLOCAL='${SHELL} /home/dyngar-m/Projects/facebook-tunnel/gumbo/missing aclocal-1.14'
AMDEPBACKSLASH='\'
AMDEP_FALSE='#'
AMDEP_TRUE=''
AMTAR='$${TAR-tar}'
AM_BACKSLASH='\'
AM_DEFAULT_V='$(AM_DEFAULT_VERBOSITY)'
AM_DEFAULT_VERBOSITY='0'
AM_V='$(V)'
AR='ar'
AUTOCONF='${SHELL} /home/dyngar-m/Projects/facebook-tunnel/gumbo/missing autoconf'
AUTOHEADER='${SHELL} /home/dyngar-m/Projects/facebook-tunnel/gumbo/missing autoheader'
AUTOMAKE='${SHELL} /home/dyngar-m/Projects/facebook-tunnel/gumbo/missing automake-1.14'
AWK='gawk'
CC='gcc -std=gnu99'
CCDEPMODE='depmode=gcc3'
CFLAGS='-g -O2'
CPP='gcc -std=gnu99 -E'
CPPFLAGS=''
CXX='g++'
CXXCPP='g++ -E'
CXXDEPMODE='depmode=gcc3'
CXXFLAGS='-g -O2'
CYGPATH_W='echo'
DEFS='-DPACKAGE_NAME=\"gumbo\" -DPACKAGE_TARNAME=\"gumbo\" -DPACKAGE_VERSION=\"1.0\" -DPACKAGE_STRING=\"gumbo\ 1.0\" -DPACKAGE_BUGREPORT=\"jdtang@google.com\" -DPACKAGE_URL=\"\" -DSTDC_HEADERS=1 -DHAVE_SYS_TYPES_H=1 -DHAVE_SYS_STAT_H=1 -DHAVE_STDLIB_H=1 -DHAVE_STRING_H=1 -DHAVE_MEMORY_H=1 -DHAVE_STRINGS_H=1 -DHAVE_INTTYPES_H=1 -DHAVE_STDINT_H=1 -DHAVE_UNISTD_H=1 -DHAVE_STDDEF_H=1 -DHAVE_STDLIB_H=1 -DHAVE_STRING_H=1 -DHAVE_STRINGS_H=1 -DPACKAGE=\"gumbo\" -DVERSION=\"1.0\" -DHAVE_DLFCN_H=1 -DLT_OBJDIR=\".libs/\"'
DEPDIR='.deps'
DLLTOOL='false'
DSYMUTIL=''
DUMPBIN=''
ECHO_C=''
ECHO_N='-n'
ECHO_T=''
EGREP='/bin/grep -E'
EXEEXT=''
FGREP='/bin/grep -F'
GREP='/bin/grep'
HAVE_SHARED_LIBGTEST_FALSE=''
HAVE_SHARED_LIBGTEST_TRUE='#'
INSTALL_DATA='${INSTALL} -m 644'
INSTALL_PROGRAM='${INSTALL}'
INSTALL_SCRIPT='${INSTALL}'
INSTALL_STRIP_PROGRAM='$(install_sh) -c -s'
LD='/usr/bin/ld -m elf_x86_64'
LDFLAGS=''
LIBOBJS=''
LIBS=''
LIBTOOL='$(SHELL) $(top_builddir)/libtool'
LIPO=''
LN_S='ln -s'
LTLIBOBJS=''
MAKEINFO='${SHELL} /home/dyngar-m/Projects/facebook-tunnel/gumbo/missing makeinfo'
MANIFEST_TOOL=':'
MKDIR_P='/bin/mkdir -p'
NM='/usr/bin/nm -B'
NMEDIT=''
OBJDUMP='objdump'
OBJEXT='o'
OTOOL64=''
OTOOL=''
PACKAGE='gumbo'
PACKAGE_BUGREPORT='jdtang@google.com'
PACKAGE_NAME='gumbo'
PACKAGE_STRING='gumbo 1.0'
PACKAGE_TARNAME='gumbo'
PACKAGE_URL=''
PACKAGE_VERSION='1.0'
PATH_SEPARATOR=':'
RANLIB='ranlib'
SED='/bin/sed'
SET_MAKE=''
SHELL='/bin/bash'
STRIP='strip'
VERSION='1.0'
ac_ct_AR='ar'
ac_ct_CC='gcc'
ac_ct_CXX='g++'
ac_ct_DUMPBIN=''
am__EXEEXT_FALSE=''
am__EXEEXT_TRUE='#'
am__fastdepCC_FALSE='#'
am__fastdepCC_TRUE=''
am__fastdepCXX_FALSE='#'
am__fastdepCXX_TRUE=''
am__include='include'
am__isrc=''
am__leading_dot='.'
am__nodep='_no'
am__quote=''
am__tar='$${TAR-tar} chof - "$$tardir"'
am__untar='$${TAR-tar} xf -'
bindir='${exec_prefix}/bin'
build='x86_64-unknown-linux-gnu'
build_alias=''
build_cpu='x86_64'
build_os='linux-gnu'
build_vendor='unknown'
datadir='${datarootdir}'
datarootdir='${prefix}/share'
docdir='${datarootdir}/doc/${PACKAGE_TARNAME}'
dvidir='${docdir}'
exec_prefix='${prefix}'
host='x86_64-unknown-linux-gnu'
host_alias=''
host_cpu='x86_64'
host_os='linux-gnu'
host_vendor='unknown'
htmldir='${docdir}'
includedir='${prefix}/include'
infodir='${datarootdir}/info'
install_sh='${SHELL} /home/dyngar-m/Projects/facebook-tunnel/gumbo/install-sh'
libdir='${exec_prefix}/lib'
libexecdir='${exec_prefix}/libexec'
localedir='${datarootdir}/locale'
localstatedir='${prefix}/var'
mandir='${datarootdir}/man'
mkdir_p='$(MKDIR_P)'
oldincludedir='/usr/include'
pdfdir='${docdir}'
prefix='/usr/local'
program_transform_name='s,x,x,'
psdir='${docdir}'
sbindir='${exec_prefix}/sbin'
sharedstatedir='${prefix}/com'
sysconfdir='${prefix}/etc'
target_alias=''

## ----------- ##
## confdefs.h. ##
## ----------- ##

/* confdefs.h */
#define PACKAGE_NAME "gumbo"
#define PACKAGE_TARNAME "gumbo"
#define PACKAGE_VERSION "1.0"
#define PACKAGE_STRING "gumbo 1.0"
#define PACKAGE_BUGREPORT "jdtang@google.com"
#define PACKAGE_URL ""
#define STDC_HEADERS 1
#define HAVE_SYS_TYPES_H 1
#define HAVE_SYS_STAT_H 1
#define HAVE_STDLIB_H 1
#define HAVE_STRING_H 1
#define HAVE_MEMORY_H 1
#define HAVE_STRINGS_H 1
#define HAVE_INTTYPES_H 1
#define HAVE_STDINT_H 1
#define HAVE_UNISTD_H 1
#define HAVE_STDDEF_H 1
#define HAVE_STDLIB_H 1
#define HAVE_STRING_H 1
#define HAVE_STRINGS_H 1
#define PACKAGE "gumbo"
#define VERSION "1.0"
#define HAVE_DLFCN_H 1
#define LT_OBJDIR ".libs/"

configure: exit 0
