This file contains any messages produced by compilers while
running configure, to aid debugging if configure makes a mistake.

It was created by configure, which was
generated by GNU Autoconf 2.65.  Invocation command line was

  $ ./configure --prefix=/home/matias/dev/facebook-tunnel/lib/msgpack-0.5.4/../../build

## --------- ##
## Platform. ##
## --------- ##

hostname = baker
uname -m = i686
uname -r = 3.8.0-33-generic
uname -s = Linux
uname -v = #48-Ubuntu SMP Wed Oct 23 17:26:34 UTC 2013

/usr/bin/uname -p = unknown
/bin/uname -X     = unknown

/bin/arch              = unknown
/usr/bin/arch -k       = unknown
/usr/convex/getsysinfo = unknown
/usr/bin/hostinfo      = unknown
/bin/machine           = unknown
/usr/bin/oslevel       = unknown
/bin/universe          = unknown

PATH: /usr/lib/lightdm/lightdm
PATH: /usr/local/sbin
PATH: /usr/local/bin
PATH: /usr/sbin
PATH: /usr/bin
PATH: /sbin
PATH: /bin
PATH: /usr/games
PATH: /usr/local/games
PATH: /opt/go/bin


## ----------- ##
## Core tests. ##
## ----------- ##

configure:2396: checking for a BSD-compatible install
configure:2464: result: /usr/bin/install -c
configure:2475: checking whether build environment is sane
configure:2525: result: yes
configure:2666: checking for a thread-safe mkdir -p
configure:2705: result: /bin/mkdir -p
configure:2718: checking for gawk
configure:2748: result: no
configure:2718: checking for mawk
configure:2734: found /usr/bin/mawk
configure:2745: result: mawk
configure:2756: checking whether make sets $(MAKE)
configure:2778: result: yes
configure:2916: checking for gcc
configure:2932: found /usr/bin/gcc
configure:2943: result: gcc
configure:3172: checking for C compiler version
configure:3181: gcc --version >&5
gcc (Ubuntu/Linaro 4.7.3-1ubuntu1) 4.7.3
Copyright (C) 2012 Free Software Foundation, Inc.
This is free software; see the source for copying conditions.  There is NO
warranty; not even for MERCHANTABILITY or FITNESS FOR A PARTICULAR PURPOSE.

configure:3192: $? = 0
configure:3181: gcc -v >&5
Using built-in specs.
COLLECT_GCC=gcc
COLLECT_LTO_WRAPPER=/usr/lib/gcc/i686-linux-gnu/4.7/lto-wrapper
Target: i686-linux-gnu
Configured with: ../src/configure -v --with-pkgversion='Ubuntu/Linaro 4.7.3-1ubuntu1' --with-bugurl=file:///usr/share/doc/gcc-4.7/README.Bugs --enable-languages=c,c++,go,fortran,objc,obj-c++ --prefix=/usr --program-suffix=-4.7 --enable-shared --enable-linker-build-id --libexecdir=/usr/lib --without-included-gettext --enable-threads=posix --with-gxx-include-dir=/usr/include/c++/4.7 --libdir=/usr/lib --enable-nls --with-sysroot=/ --enable-clocale=gnu --enable-libstdcxx-debug --enable-libstdcxx-time=yes --enable-gnu-unique-object --enable-plugin --with-system-zlib --enable-objc-gc --enable-targets=all --with-cloog --enable-cloog-backend=ppl --disable-cloog-version-check --disable-ppl-version-check --enable-multiarch --disable-werror --with-arch-32=i686 --with-multilib-list=m32,m64,mx32 --with-tune=generic --enable-checking=release --build=i686-linux-gnu --host=i686-linux-gnu --target=i686-linux-gnu
Thread model: posix
gcc version 4.7.3 (Ubuntu/Linaro 4.7.3-1ubuntu1) 
configure:3192: $? = 0
configure:3181: gcc -V >&5
gcc: error: unrecognized command line option '-V'
gcc: fatal error: no input files
compilation terminated.
configure:3192: $? = 4
configure:3181: gcc -qversion >&5
gcc: error: unrecognized command line option '-qversion'
gcc: fatal error: no input files
compilation terminated.
configure:3192: $? = 4
configure:3212: checking whether the C compiler works
configure:3234: gcc -O4 -Wall    conftest.c  >&5
configure:3238: $? = 0
configure:3287: result: yes
configure:3290: checking for C compiler default output file name
configure:3292: result: a.out
configure:3298: checking for suffix of executables
configure:3305: gcc -o conftest -O4 -Wall    conftest.c  >&5
configure:3309: $? = 0
configure:3331: result: 
configure:3353: checking whether we are cross compiling
configure:3361: gcc -o conftest -O4 -Wall    conftest.c  >&5
configure:3365: $? = 0
configure:3372: ./conftest
configure:3376: $? = 0
configure:3391: result: no
configure:3396: checking for suffix of object files
configure:3418: gcc -c -O4 -Wall   conftest.c >&5
configure:3422: $? = 0
configure:3443: result: o
configure:3447: checking whether we are using the GNU C compiler
configure:3466: gcc -c -O4 -Wall   conftest.c >&5
configure:3466: $? = 0
configure:3475: result: yes
configure:3484: checking whether gcc accepts -g
configure:3504: gcc -c -g  conftest.c >&5
configure:3504: $? = 0
configure:3545: result: yes
configure:3562: checking for gcc option to accept ISO C89
configure:3626: gcc  -c -O4 -Wall   conftest.c >&5
configure:3626: $? = 0
configure:3639: result: none needed
configure:3670: checking for style of include used by make
configure:3698: result: GNU
configure:3723: checking dependency style of gcc
configure:3833: result: gcc3
configure:3850: checking if C++ API is enabled
configure:3857: result: 
configure:3918: checking for g++
configure:3934: found /usr/bin/g++
configure:3945: result: g++
configure:3972: checking for C++ compiler version
configure:3981: g++ --version >&5
g++ (Ubuntu/Linaro 4.7.3-1ubuntu1) 4.7.3
Copyright (C) 2012 Free Software Foundation, Inc.
This is free software; see the source for copying conditions.  There is NO
warranty; not even for MERCHANTABILITY or FITNESS FOR A PARTICULAR PURPOSE.

configure:3992: $? = 0
configure:3981: g++ -v >&5
Using built-in specs.
COLLECT_GCC=g++
COLLECT_LTO_WRAPPER=/usr/lib/gcc/i686-linux-gnu/4.7/lto-wrapper
Target: i686-linux-gnu
Configured with: ../src/configure -v --with-pkgversion='Ubuntu/Linaro 4.7.3-1ubuntu1' --with-bugurl=file:///usr/share/doc/gcc-4.7/README.Bugs --enable-languages=c,c++,go,fortran,objc,obj-c++ --prefix=/usr --program-suffix=-4.7 --enable-shared --enable-linker-build-id --libexecdir=/usr/lib --without-included-gettext --enable-threads=posix --with-gxx-include-dir=/usr/include/c++/4.7 --libdir=/usr/lib --enable-nls --with-sysroot=/ --enable-clocale=gnu --enable-libstdcxx-debug --enable-libstdcxx-time=yes --enable-gnu-unique-object --enable-plugin --with-system-zlib --enable-objc-gc --enable-targets=all --with-cloog --enable-cloog-backend=ppl --disable-cloog-version-check --disable-ppl-version-check --enable-multiarch --disable-werror --with-arch-32=i686 --with-multilib-list=m32,m64,mx32 --with-tune=generic --enable-checking=release --build=i686-linux-gnu --host=i686-linux-gnu --target=i686-linux-gnu
Thread model: posix
gcc version 4.7.3 (Ubuntu/Linaro 4.7.3-1ubuntu1) 
configure:3992: $? = 0
configure:3981: g++ -V >&5
g++: error: unrecognized command line option '-V'
g++: fatal error: no input files
compilation terminated.
configure:3992: $? = 4
configure:3981: g++ -qversion >&5
g++: error: unrecognized command line option '-qversion'
g++: fatal error: no input files
compilation terminated.
configure:3992: $? = 4
configure:3996: checking whether we are using the GNU C++ compiler
configure:4015: g++ -c -O4 -Wall   conftest.cpp >&5
configure:4015: $? = 0
configure:4024: result: yes
configure:4033: checking whether g++ accepts -g
configure:4053: g++ -c -g  conftest.cpp >&5
configure:4053: $? = 0
configure:4094: result: yes
configure:4119: checking dependency style of g++
configure:4229: result: gcc3
configure:4245: checking whether gcc and cc understand -c and -o together
configure:4276: gcc -c conftest.c -o conftest2.o >&5
configure:4280: $? = 0
configure:4286: gcc -c conftest.c -o conftest2.o >&5
configure:4290: $? = 0
configure:4301: cc -c conftest.c >&5
configure:4305: $? = 0
configure:4313: cc -c conftest.c -o conftest2.o >&5
configure:4317: $? = 0
configure:4323: cc -c conftest.c -o conftest2.o >&5
configure:4327: $? = 0
configure:4345: result: yes
configure:4410: checking build system type
configure:4424: result: i686-pc-linux-gnu
configure:4444: checking host system type
configure:4457: result: i686-pc-linux-gnu
configure:4477: checking for a sed that does not truncate output
configure:4541: result: /bin/sed
configure:4559: checking for grep that handles long lines and -e
configure:4617: result: /bin/grep
configure:4622: checking for egrep
configure:4684: result: /bin/grep -E
configure:4689: checking for fgrep
configure:4751: result: /bin/grep -F
configure:4786: checking for ld used by gcc
configure:4853: result: /usr/bin/ld
configure:4860: checking if the linker (/usr/bin/ld) is GNU ld
configure:4875: result: yes
configure:4887: checking for BSD- or MS-compatible name lister (nm)
configure:4936: result: /usr/bin/nm -B
configure:5054: checking the name lister (/usr/bin/nm -B) interface
configure:5061: gcc -c -O4 -Wall   conftest.c >&5
configure:5064: /usr/bin/nm -B "conftest.o"
configure:5067: output
00000000 B some_variable
configure:5074: result: BSD nm
configure:5077: checking whether ln -s works
configure:5081: result: yes
configure:5089: checking the maximum length of command line arguments
configure:5209: result: 805306365
configure:5226: checking whether the shell understands some XSI constructs
configure:5236: result: yes
configure:5240: checking whether the shell understands "+="
configure:5246: result: yes
configure:5281: checking for /usr/bin/ld option to reload object files
configure:5288: result: -r
configure:5357: checking for objdump
configure:5373: found /usr/bin/objdump
configure:5384: result: objdump
configure:5416: checking how to recognize dependent libraries
configure:5612: result: pass_all
configure:5672: checking for ar
configure:5688: found /usr/bin/ar
configure:5699: result: ar
configure:5777: checking for strip
configure:5793: found /usr/bin/strip
configure:5804: result: strip
configure:5876: checking for ranlib
configure:5892: found /usr/bin/ranlib
configure:5903: result: ranlib
configure:5993: checking command to parse /usr/bin/nm -B output from gcc object
configure:6111: gcc -c -O4 -Wall   conftest.c >&5
configure:6114: $? = 0
configure:6118: /usr/bin/nm -B conftest.o \| sed -n -e 's/^.*[	 ]\([ABCDGIRSTW][ABCDGIRSTW]*\)[	 ][	 ]*\([_A-Za-z][_A-Za-z0-9]*\)$/\1 \2 \2/p' \> conftest.nm
configure:6121: $? = 0
configure:6175: gcc -o conftest -O4 -Wall    conftest.c conftstm.o >&5
configure:6178: $? = 0
configure:6216: result: ok
configure:7025: checking how to run the C preprocessor
configure:7056: gcc -E  conftest.c
configure:7056: $? = 0
configure:7070: gcc -E  conftest.c
conftest.c:11:28: fatal error: ac_nonexistent.h: No such file or directory
compilation terminated.
configure:7070: $? = 1
configure: failed program was:
| /* confdefs.h */
| #define PACKAGE_NAME ""
| #define PACKAGE_TARNAME ""
| #define PACKAGE_VERSION ""
| #define PACKAGE_STRING ""
| #define PACKAGE_BUGREPORT ""
| #define PACKAGE_URL ""
| #define PACKAGE "msgpack"
| #define VERSION "0.5.4"
| /* end confdefs.h.  */
| #include <ac_nonexistent.h>
configure:7095: result: gcc -E
configure:7115: gcc -E  conftest.c
configure:7115: $? = 0
configure:7129: gcc -E  conftest.c
conftest.c:11:28: fatal error: ac_nonexistent.h: No such file or directory
compilation terminated.
configure:7129: $? = 1
configure: failed program was:
| /* confdefs.h */
| #define PACKAGE_NAME ""
| #define PACKAGE_TARNAME ""
| #define PACKAGE_VERSION ""
| #define PACKAGE_STRING ""
| #define PACKAGE_BUGREPORT ""
| #define PACKAGE_URL ""
| #define PACKAGE "msgpack"
| #define VERSION "0.5.4"
| /* end confdefs.h.  */
| #include <ac_nonexistent.h>
configure:7158: checking for ANSI C header files
configure:7178: gcc -c -O4 -Wall   conftest.c >&5
configure:7178: $? = 0
configure:7251: gcc -o conftest -O4 -Wall    conftest.c  >&5
configure:7251: $? = 0
configure:7251: ./conftest
configure:7251: $? = 0
configure:7262: result: yes
configure:7275: checking for sys/types.h
configure:7275: gcc -c -O4 -Wall   conftest.c >&5
configure:7275: $? = 0
configure:7275: result: yes
configure:7275: checking for sys/stat.h
configure:7275: gcc -c -O4 -Wall   conftest.c >&5
configure:7275: $? = 0
configure:7275: result: yes
configure:7275: checking for stdlib.h
configure:7275: gcc -c -O4 -Wall   conftest.c >&5
configure:7275: $? = 0
configure:7275: result: yes
configure:7275: checking for string.h
configure:7275: gcc -c -O4 -Wall   conftest.c >&5
configure:7275: $? = 0
configure:7275: result: yes
configure:7275: checking for memory.h
configure:7275: gcc -c -O4 -Wall   conftest.c >&5
configure:7275: $? = 0
configure:7275: result: yes
configure:7275: checking for strings.h
configure:7275: gcc -c -O4 -Wall   conftest.c >&5
configure:7275: $? = 0
configure:7275: result: yes
configure:7275: checking for inttypes.h
configure:7275: gcc -c -O4 -Wall   conftest.c >&5
configure:7275: $? = 0
configure:7275: result: yes
configure:7275: checking for stdint.h
configure:7275: gcc -c -O4 -Wall   conftest.c >&5
configure:7275: $? = 0
configure:7275: result: yes
configure:7275: checking for unistd.h
configure:7275: gcc -c -O4 -Wall   conftest.c >&5
configure:7275: $? = 0
configure:7275: result: yes
configure:7290: checking for dlfcn.h
configure:7290: gcc -c -O4 -Wall   conftest.c >&5
configure:7290: $? = 0
configure:7290: result: yes
configure:7415: checking for C++ compiler version
configure:7424: g++ --version >&5
g++ (Ubuntu/Linaro 4.7.3-1ubuntu1) 4.7.3
Copyright (C) 2012 Free Software Foundation, Inc.
This is free software; see the source for copying conditions.  There is NO
warranty; not even for MERCHANTABILITY or FITNESS FOR A PARTICULAR PURPOSE.

configure:7435: $? = 0
configure:7424: g++ -v >&5
Using built-in specs.
COLLECT_GCC=g++
COLLECT_LTO_WRAPPER=/usr/lib/gcc/i686-linux-gnu/4.7/lto-wrapper
Target: i686-linux-gnu
Configured with: ../src/configure -v --with-pkgversion='Ubuntu/Linaro 4.7.3-1ubuntu1' --with-bugurl=file:///usr/share/doc/gcc-4.7/README.Bugs --enable-languages=c,c++,go,fortran,objc,obj-c++ --prefix=/usr --program-suffix=-4.7 --enable-shared --enable-linker-build-id --libexecdir=/usr/lib --without-included-gettext --enable-threads=posix --with-gxx-include-dir=/usr/include/c++/4.7 --libdir=/usr/lib --enable-nls --with-sysroot=/ --enable-clocale=gnu --enable-libstdcxx-debug --enable-libstdcxx-time=yes --enable-gnu-unique-object --enable-plugin --with-system-zlib --enable-objc-gc --enable-targets=all --with-cloog --enable-cloog-backend=ppl --disable-cloog-version-check --disable-ppl-version-check --enable-multiarch --disable-werror --with-arch-32=i686 --with-multilib-list=m32,m64,mx32 --with-tune=generic --enable-checking=release --build=i686-linux-gnu --host=i686-linux-gnu --target=i686-linux-gnu
Thread model: posix
gcc version 4.7.3 (Ubuntu/Linaro 4.7.3-1ubuntu1) 
configure:7435: $? = 0
configure:7424: g++ -V >&5
g++: error: unrecognized command line option '-V'
g++: fatal error: no input files
compilation terminated.
configure:7435: $? = 4
configure:7424: g++ -qversion >&5
g++: error: unrecognized command line option '-qversion'
g++: fatal error: no input files
compilation terminated.
configure:7435: $? = 4
configure:7439: checking whether we are using the GNU C++ compiler
configure:7467: result: yes
configure:7476: checking whether g++ accepts -g
configure:7537: result: yes
configure:7562: checking dependency style of g++
configure:7672: result: gcc3
configure:7695: checking how to run the C++ preprocessor
configure:7722: g++ -E  conftest.cpp
configure:7722: $? = 0
configure:7736: g++ -E  conftest.cpp
conftest.cpp:22:28: fatal error: ac_nonexistent.h: No such file or directory
compilation terminated.
configure:7736: $? = 1
configure: failed program was:
| /* confdefs.h */
| #define PACKAGE_NAME ""
| #define PACKAGE_TARNAME ""
| #define PACKAGE_VERSION ""
| #define PACKAGE_STRING ""
| #define PACKAGE_BUGREPORT ""
| #define PACKAGE_URL ""
| #define PACKAGE "msgpack"
| #define VERSION "0.5.4"
| #define STDC_HEADERS 1
| #define HAVE_SYS_TYPES_H 1
| #define HAVE_SYS_STAT_H 1
| #define HAVE_STDLIB_H 1
| #define HAVE_STRING_H 1
| #define HAVE_MEMORY_H 1
| #define HAVE_STRINGS_H 1
| #define HAVE_INTTYPES_H 1
| #define HAVE_STDINT_H 1
| #define HAVE_UNISTD_H 1
| #define HAVE_DLFCN_H 1
| /* end confdefs.h.  */
| #include <ac_nonexistent.h>
configure:7761: result: g++ -E
configure:7781: g++ -E  conftest.cpp
configure:7781: $? = 0
configure:7795: g++ -E  conftest.cpp
conftest.cpp:22:28: fatal error: ac_nonexistent.h: No such file or directory
compilation terminated.
configure:7795: $? = 1
configure: failed program was:
| /* confdefs.h */
| #define PACKAGE_NAME ""
| #define PACKAGE_TARNAME ""
| #define PACKAGE_VERSION ""
| #define PACKAGE_STRING ""
| #define PACKAGE_BUGREPORT ""
| #define PACKAGE_URL ""
| #define PACKAGE "msgpack"
| #define VERSION "0.5.4"
| #define STDC_HEADERS 1
| #define HAVE_SYS_TYPES_H 1
| #define HAVE_SYS_STAT_H 1
| #define HAVE_STDLIB_H 1
| #define HAVE_STRING_H 1
| #define HAVE_MEMORY_H 1
| #define HAVE_STRINGS_H 1
| #define HAVE_INTTYPES_H 1
| #define HAVE_STDINT_H 1
| #define HAVE_UNISTD_H 1
| #define HAVE_DLFCN_H 1
| /* end confdefs.h.  */
| #include <ac_nonexistent.h>
configure:8001: checking for objdir
configure:8016: result: .libs
configure:8308: checking if gcc supports -fno-rtti -fno-exceptions
configure:8326: gcc -c -O4 -Wall   -fno-rtti -fno-exceptions conftest.c >&5
cc1: warning: command line option '-fno-rtti' is valid for C++/ObjC++ but not for C [enabled by default]
configure:8330: $? = 0
configure:8343: result: no
configure:8363: checking for gcc option to produce PIC
configure:8635: result: -fPIC -DPIC
configure:8647: checking if gcc PIC flag -fPIC -DPIC works
configure:8665: gcc -c -O4 -Wall   -fPIC -DPIC -DPIC conftest.c >&5
configure:8669: $? = 0
configure:8682: result: yes
configure:8706: checking if gcc static flag -static works
configure:8734: result: yes
configure:8749: checking if gcc supports -c -o file.o
configure:8770: gcc -c -O4 -Wall   -o out/conftest2.o conftest.c >&5
configure:8774: $? = 0
configure:8796: result: yes
configure:8804: checking if gcc supports -c -o file.o
configure:8851: result: yes
configure:8884: checking whether the gcc linker (/usr/bin/ld) supports shared libraries
configure:9870: result: yes
configure:9907: checking whether -lc should be explicitly linked in
configure:9912: gcc -c -O4 -Wall   conftest.c >&5
configure:9915: $? = 0
configure:9930: gcc -shared conftest.o  -v -Wl,-soname -Wl,conftest -o conftest 2\>\&1 \| /bin/grep  -lc  \>/dev/null 2\>\&1
configure:9933: $? = 0
configure:9945: result: no
configure:10109: checking dynamic linker characteristics
configure:10542: gcc -o conftest -O4 -Wall    -Wl,-rpath -Wl,/foo conftest.c  >&5
configure:10542: $? = 0
configure:10760: result: GNU/Linux ld.so
configure:10862: checking how to hardcode library paths into programs
configure:10887: result: immediate
configure:11407: checking whether stripping libraries is possible
configure:11412: result: yes
configure:11447: checking if libtool supports shared libraries
configure:11449: result: yes
configure:11452: checking whether to build shared libraries
configure:11473: result: yes
configure:11476: checking whether to build static libraries
configure:11480: result: yes
configure:11630: checking for ld used by g++
configure:11697: result: /usr/bin/ld
configure:11704: checking if the linker (/usr/bin/ld) is GNU ld
configure:11719: result: yes
configure:11774: checking whether the g++ linker (/usr/bin/ld) supports shared libraries
configure:12687: result: yes
configure:12715: g++ -c -O4 -Wall   conftest.cpp >&5
configure:12718: $? = 0
configure:12900: checking for g++ option to produce PIC
configure:13217: result: -fPIC -DPIC
configure:13226: checking if g++ PIC flag -fPIC -DPIC works
configure:13244: g++ -c -O4 -Wall   -fPIC -DPIC -DPIC conftest.cpp >&5
configure:13248: $? = 0
configure:13261: result: yes
configure:13282: checking if g++ static flag -static works
configure:13310: result: yes
configure:13322: checking if g++ supports -c -o file.o
configure:13343: g++ -c -O4 -Wall   -o out/conftest2.o conftest.cpp >&5
configure:13347: $? = 0
configure:13369: result: yes
configure:13374: checking if g++ supports -c -o file.o
configure:13421: result: yes
configure:13451: checking whether the g++ linker (/usr/bin/ld) supports shared libraries
configure:13477: result: yes
configure:13614: checking dynamic linker characteristics
configure:13995: g++ -o conftest -O4 -Wall    -Wl,-rpath -Wl,/foo conftest.cpp  >&5
configure:13995: $? = 0
configure:14213: result: GNU/Linux ld.so
configure:14264: checking how to hardcode library paths into programs
configure:14289: result: immediate
configure:14356: checking dependency style of gcc
configure:14464: result: gcc3
configure:14481: checking if debug option is enabled
configure:14488: result: 
configure:14499: checking for __sync_* atomic operations
configure:14519: gcc -o conftest -O4 -Wall  -g   conftest.c  >&5
configure:14519: $? = 0
configure:14526: result: yes
configure:14685: creating ./config.status

## ---------------------- ##
## Running config.status. ##
## ---------------------- ##

This file was extended by config.status, which was
generated by GNU Autoconf 2.65.  Invocation command line was

  CONFIG_FILES    = 
  CONFIG_HEADERS  = 
  CONFIG_LINKS    = 
  CONFIG_COMMANDS = 
  $ ./config.status 

on baker

config.status:1136: creating Makefile
config.status:1136: creating src/Makefile
config.status:1136: creating src/msgpack/version.h
config.status:1136: creating test/Makefile
config.status:1136: creating config.h
config.status:1308: config.h is unchanged
config.status:1356: executing depfiles commands
config.status:1356: executing libtool commands

## ---------------- ##
## Cache variables. ##
## ---------------- ##

ac_cv_build=i686-pc-linux-gnu
ac_cv_c_compiler_gnu=yes
ac_cv_cxx_compiler_gnu=yes
ac_cv_env_CCASFLAGS_set=
ac_cv_env_CCASFLAGS_value=
ac_cv_env_CCAS_set=
ac_cv_env_CCAS_value=
ac_cv_env_CCC_set=
ac_cv_env_CCC_value=
ac_cv_env_CC_set=
ac_cv_env_CC_value=
ac_cv_env_CFLAGS_set=
ac_cv_env_CFLAGS_value=
ac_cv_env_CPPFLAGS_set=
ac_cv_env_CPPFLAGS_value=
ac_cv_env_CPP_set=
ac_cv_env_CPP_value=
ac_cv_env_CXXCPP_set=
ac_cv_env_CXXCPP_value=
ac_cv_env_CXXFLAGS_set=
ac_cv_env_CXXFLAGS_value=
ac_cv_env_CXX_set=
ac_cv_env_CXX_value=
ac_cv_env_LDFLAGS_set=
ac_cv_env_LDFLAGS_value=
ac_cv_env_LIBS_set=
ac_cv_env_LIBS_value=
ac_cv_env_build_alias_set=
ac_cv_env_build_alias_value=
ac_cv_env_host_alias_set=
ac_cv_env_host_alias_value=
ac_cv_env_target_alias_set=
ac_cv_env_target_alias_value=
ac_cv_header_dlfcn_h=yes
ac_cv_header_inttypes_h=yes
ac_cv_header_memory_h=yes
ac_cv_header_stdc=yes
ac_cv_header_stdint_h=yes
ac_cv_header_stdlib_h=yes
ac_cv_header_string_h=yes
ac_cv_header_strings_h=yes
ac_cv_header_sys_stat_h=yes
ac_cv_header_sys_types_h=yes
ac_cv_header_unistd_h=yes
ac_cv_host=i686-pc-linux-gnu
ac_cv_objext=o
ac_cv_path_EGREP='/bin/grep -E'
ac_cv_path_FGREP='/bin/grep -F'
ac_cv_path_GREP=/bin/grep
ac_cv_path_SED=/bin/sed
ac_cv_path_install='/usr/bin/install -c'
ac_cv_path_mkdir=/bin/mkdir
ac_cv_prog_AWK=mawk
ac_cv_prog_CPP='gcc -E'
ac_cv_prog_CXXCPP='g++ -E'
ac_cv_prog_ac_ct_AR=ar
ac_cv_prog_ac_ct_CC=gcc
ac_cv_prog_ac_ct_CXX=g++
ac_cv_prog_ac_ct_OBJDUMP=objdump
ac_cv_prog_ac_ct_RANLIB=ranlib
ac_cv_prog_ac_ct_STRIP=strip
ac_cv_prog_cc_c89=
ac_cv_prog_cc_g=yes
ac_cv_prog_cc_gcc_c_o=yes
ac_cv_prog_cxx_g=yes
ac_cv_prog_make_make_set=yes
am_cv_CCAS_dependencies_compiler_type=gcc3
am_cv_CC_dependencies_compiler_type=gcc3
am_cv_CXX_dependencies_compiler_type=gcc3
lt_cv_deplibs_check_method=pass_all
lt_cv_file_magic_cmd='$MAGIC_CMD'
lt_cv_file_magic_test_file=
lt_cv_ld_reload_flag=-r
lt_cv_nm_interface='BSD nm'
lt_cv_objdir=.libs
lt_cv_path_LD=/usr/bin/ld
lt_cv_path_LDCXX=/usr/bin/ld
lt_cv_path_NM='/usr/bin/nm -B'
lt_cv_prog_compiler_c_o=yes
lt_cv_prog_compiler_c_o_CXX=yes
lt_cv_prog_compiler_pic_works=yes
lt_cv_prog_compiler_pic_works_CXX=yes
lt_cv_prog_compiler_rtti_exceptions=no
lt_cv_prog_compiler_static_works=yes
lt_cv_prog_compiler_static_works_CXX=yes
lt_cv_prog_gnu_ld=yes
lt_cv_prog_gnu_ldcxx=yes
lt_cv_sys_global_symbol_pipe='sed -n -e '\''s/^.*[	 ]\([ABCDGIRSTW][ABCDGIRSTW]*\)[	 ][	 ]*\([_A-Za-z][_A-Za-z0-9]*\)$/\1 \2 \2/p'\'''
lt_cv_sys_global_symbol_to_c_name_address='sed -n -e '\''s/^: \([^ ]*\) $/  {\"\1\", (void *) 0},/p'\'' -e '\''s/^[ABCDGIRSTW]* \([^ ]*\) \([^ ]*\)$/  {"\2", (void *) \&\2},/p'\'''
lt_cv_sys_global_symbol_to_c_name_address_lib_prefix='sed -n -e '\''s/^: \([^ ]*\) $/  {\"\1\", (void *) 0},/p'\'' -e '\''s/^[ABCDGIRSTW]* \([^ ]*\) \(lib[^ ]*\)$/  {"\2", (void *) \&\2},/p'\'' -e '\''s/^[ABCDGIRSTW]* \([^ ]*\) \([^ ]*\)$/  {"lib\2", (void *) \&\2},/p'\'''
lt_cv_sys_global_symbol_to_cdecl='sed -n -e '\''s/^T .* \(.*\)$/extern int \1();/p'\'' -e '\''s/^[ABCDGIRSTW]* .* \(.*\)$/extern char \1;/p'\'''
lt_cv_sys_max_cmd_len=805306365
msgpack_cv_atomic_ops=yes

## ----------------- ##
## Output variables. ##
## ----------------- ##

ACLOCAL='${SHELL} /home/matias/dev/facebook-tunnel/lib/msgpack-0.5.4/ac/missing --run aclocal-1.11'
AMDEPBACKSLASH='\'
AMDEP_FALSE='#'
AMDEP_TRUE=''
AMTAR='${SHELL} /home/matias/dev/facebook-tunnel/lib/msgpack-0.5.4/ac/missing --run tar'
AR='ar'
AUTOCONF='${SHELL} /home/matias/dev/facebook-tunnel/lib/msgpack-0.5.4/ac/missing --run autoconf'
AUTOHEADER='${SHELL} /home/matias/dev/facebook-tunnel/lib/msgpack-0.5.4/ac/missing --run autoheader'
AUTOMAKE='${SHELL} /home/matias/dev/facebook-tunnel/lib/msgpack-0.5.4/ac/missing --run automake-1.11'
AWK='mawk'
CC='gcc'
CCAS='gcc'
CCASDEPMODE='depmode=gcc3'
CCASFLAGS='-O4 -Wall '
CCDEPMODE='depmode=gcc3'
CFLAGS='-O4 -Wall  -g'
CPP='gcc -E'
CPPFLAGS=''
CXX='g++'
CXXCPP='g++ -E'
CXXDEPMODE='depmode=gcc3'
CXXFLAGS='-O4 -Wall  -g'
CYGPATH_W='echo'
DEFS='-DHAVE_CONFIG_H'
DEPDIR='.deps'
DSYMUTIL=''
DUMPBIN=''
ECHO_C=''
ECHO_N='-n'
ECHO_T=''
EGREP='/bin/grep -E'
ENABLE_CXX_FALSE='#'
ENABLE_CXX_TRUE=''
EXEEXT=''
FGREP='/bin/grep -F'
GREP='/bin/grep'
INSTALL_DATA='${INSTALL} -m 644'
INSTALL_PROGRAM='${INSTALL}'
INSTALL_SCRIPT='${INSTALL}'
INSTALL_STRIP_PROGRAM='$(install_sh) -c -s'
LD='/usr/bin/ld'
LDFLAGS=''
LIBOBJS=''
LIBS=''
LIBTOOL='$(SHELL) $(top_builddir)/libtool'
LIPO=''
LN_S='ln -s'
LTLIBOBJS=''
MAKEINFO='${SHELL} /home/matias/dev/facebook-tunnel/lib/msgpack-0.5.4/ac/missing --run makeinfo'
MKDIR_P='/bin/mkdir -p'
NM='/usr/bin/nm -B'
NMEDIT=''
OBJDUMP='objdump'
OBJEXT='o'
OTOOL64=''
OTOOL=''
PACKAGE='msgpack'
PACKAGE_BUGREPORT=''
PACKAGE_NAME=''
PACKAGE_STRING=''
PACKAGE_TARNAME=''
PACKAGE_URL=''
PACKAGE_VERSION=''
PATH_SEPARATOR=':'
RANLIB='ranlib'
SED='/bin/sed'
SET_MAKE=''
SHELL='/bin/bash'
STRIP='strip'
VERSION='0.5.4'
VERSION_MAJOR='0'
VERSION_MINOR='5'
ac_ct_CC='gcc'
ac_ct_CXX='g++'
ac_ct_DUMPBIN=''
am__EXEEXT_FALSE=''
am__EXEEXT_TRUE='#'
am__fastdepCCAS_FALSE='#'
am__fastdepCCAS_TRUE=''
am__fastdepCC_FALSE='#'
am__fastdepCC_TRUE=''
am__fastdepCXX_FALSE='#'
am__fastdepCXX_TRUE=''
am__include='include'
am__isrc=''
am__leading_dot='.'
am__quote=''
am__tar='${AMTAR} chof - "$$tardir"'
am__untar='${AMTAR} xf -'
bindir='${exec_prefix}/bin'
build='i686-pc-linux-gnu'
build_alias=''
build_cpu='i686'
build_os='linux-gnu'
build_vendor='pc'
datadir='${datarootdir}'
datarootdir='${prefix}/share'
docdir='${datarootdir}/doc/${PACKAGE}'
dvidir='${docdir}'
exec_prefix='${prefix}'
host='i686-pc-linux-gnu'
host_alias=''
host_cpu='i686'
host_os='linux-gnu'
host_vendor='pc'
htmldir='${docdir}'
includedir='${prefix}/include'
infodir='${datarootdir}/info'
install_sh='${SHELL} /home/matias/dev/facebook-tunnel/lib/msgpack-0.5.4/ac/install-sh'
libdir='${exec_prefix}/lib'
libexecdir='${exec_prefix}/libexec'
localedir='${datarootdir}/locale'
localstatedir='${prefix}/var'
lt_ECHO='echo'
mandir='${datarootdir}/man'
mkdir_p='/bin/mkdir -p'
oldincludedir='/usr/include'
pdfdir='${docdir}'
prefix='/home/matias/dev/facebook-tunnel/lib/msgpack-0.5.4/../../build'
program_transform_name='s,x,x,'
psdir='${docdir}'
sbindir='${exec_prefix}/sbin'
sharedstatedir='${prefix}/com'
sysconfdir='${prefix}/etc'
target_alias=''

## ----------- ##
## confdefs.h. ##
## ----------- ##

/* confdefs.h */
#define PACKAGE_NAME ""
#define PACKAGE_TARNAME ""
#define PACKAGE_VERSION ""
#define PACKAGE_STRING ""
#define PACKAGE_BUGREPORT ""
#define PACKAGE_URL ""
#define PACKAGE "msgpack"
#define VERSION "0.5.4"
#define STDC_HEADERS 1
#define HAVE_SYS_TYPES_H 1
#define HAVE_SYS_STAT_H 1
#define HAVE_STDLIB_H 1
#define HAVE_STRING_H 1
#define HAVE_MEMORY_H 1
#define HAVE_STRINGS_H 1
#define HAVE_INTTYPES_H 1
#define HAVE_STDINT_H 1
#define HAVE_UNISTD_H 1
#define HAVE_DLFCN_H 1
#define LT_OBJDIR ".libs/"

configure: exit 0
